Начало работы (Версия 3)(time1=1540553754988)
Помещен в очередь csv1.csv
Помещен в очередь csv2.csv
Помещен в очередь test1.csv
Помещен в очередь test10.csv
Помещен в очередь test100.csv
Помещен в очередь test11.csv
Помещен в очередь test12.csv
Помещен в очередь test13.csv
Помещен в очередь test14.csv
Помещен в очередь test15.csv
Помещен в очередь test16.csv
Помещен в очередь test17.csv
Помещен в очередь test18.csv
Помещен в очередь test19.csv
Помещен в очередь test2.csv
Помещен в очередь test20.csv
Помещен в очередь test21.csv
Помещен в очередь test22.csv
Помещен в очередь test23.csv
Помещен в очередь test24.csv
Помещен в очередь test25.csv
Помещен в очередь test26.csv
Помещен в очередь test27.csv
Помещен в очередь test28.csv
Помещен в очередь test29.csv
Помещен в очередь test3.csv
Помещен в очередь test30.csv
Помещен в очередь test31.csv
Помещен в очередь test32.csv
Помещен в очередь test33.csv
Помещен в очередь test34.csv
Помещен в очередь test35.csv
Помещен в очередь test36.csv
Помещен в очередь test37.csv
Помещен в очередь test38.csv
Помещен в очередь test39.csv
Помещен в очередь test4.csv
Помещен в очередь test40.csv
Помещен в очередь test41.csv
Помещен в очередь test42.csv
Помещен в очередь test43.csv
Помещен в очередь test44.csv
Помещен в очередь test45.csv
Помещен в очередь test46.csv
Помещен в очередь test47.csv
Помещен в очередь test48.csv
Помещен в очередь test49.csv
Помещен в очередь test5.csv
Помещен в очередь test50.csv
Помещен в очередь test51.csv
Помещен в очередь test52.csv
Помещен в очередь test53.csv
Помещен в очередь test54.csv
Помещен в очередь test55.csv
Помещен в очередь test56.csv
Помещен в очередь test57.csv
Помещен в очередь test58.csv
Помещен в очередь test59.csv
Помещен в очередь test6.csv
Помещен в очередь test60.csv
Помещен в очередь test61.csv
Помещен в очередь test62.csv
Помещен в очередь test63.csv
Помещен в очередь test64.csv
Помещен в очередь test65.csv
Помещен в очередь test66.csv
Помещен в очередь test67.csv
Помещен в очередь test68.csv
Помещен в очередь test69.csv
Помещен в очередь test7.csv
Помещен в очередь test70.csv
Помещен в очередь test71.csv
Помещен в очередь test72.csv
Помещен в очередь test73.csv
Помещен в очередь test74.csv
Помещен в очередь test75.csv
Помещен в очередь test76.csv
Помещен в очередь test77.csv
Помещен в очередь test78.csv
Помещен в очередь test79.csv
Помещен в очередь test8.csv
Помещен в очередь test80.csv
Помещен в очередь test81.csv
Помещен в очередь test82.csv
Помещен в очередь test83.csv
Помещен в очередь test84.csv
Помещен в очередь test85.csv
Помещен в очередь test86.csv
Помещен в очередь test87.csv
Помещен в очередь test88.csv
Помещен в очередь test89.csv
Помещен в очередь test9.csv
Помещен в очередь test90.csv
Помещен в очередь test91.csv
Помещен в очередь test92.csv
Помещен в очередь test93.csv
Помещен в очередь test94.csv
Помещен в очередь test95.csv
Помещен в очередь test96.csv
Помещен в очередь test97.csv
Помещен в очередь test98.csv
Помещен в очередь test99.csv
Обработка файла... test80.csv
Обработка файла... test73.csv
Обработка файла... test70.csv
Обработка файла... test47.csv
Обработка файла... test10.csv
Обработка файла... test61.csv
Обработка файла... test90.csv
Обработка файла... test76.csv
Обработка файла... test78.csv
Обработка файла... csv1.csv
Обработка файла... test31.csv
Обработка файла... test82.csv
Обработка файла... test42.csv
Обработка файла... test91.csv
Обработка файла... test37.csv
Обработка файла... test79.csv
Обработка файла... test95.csv
Обработка файла... test46.csv
Обработка файла... test14.csv
Обработка файла... test38.csv
Обработка файла... test62.csv
Обработка файла... test65.csv
Обработка файла... test20.csv
Обработка файла... test12.csv
Обработка файла... test36.csv
Обработка файла... test72.csv
Обработка файла... test22.csv
Обработка файла... test16.csv
Обработка файла... test53.csv
Обработка файла... test3.csv
Обработка файла... test52.csv
Обработка файла... test13.csv
Обработка файла... test18.csv
Обработка файла... test92.csv
Обработка файла... test54.csv
Обработка файла... test66.csv
Обработка файла... test94.csv
Обработка файла... test11.csv
Обработка файла... test5.csv
Обработка файла... test100.csv
Обработка файла... test41.csv
Обработка файла... test96.csv
Обработка файла... test17.csv
Обработка файла... test34.csv
Обработка файла... test83.csv
Обработка файла... test40.csv
Обработка файла... test59.csv
Обработка файла... test75.csv
Обработка файла... test86.csv
Обработка файла... test68.csv
Обработка файла... test63.csv
Обработка файла... csv2.csv
Обработка файла... test56.csv
Обработка файла... test84.csv
Обработка файла... test44.csv
Обработка файла... test57.csv
Обработка файла... test28.csv
Обработка файла... test89.csv
Обработка файла... test51.csv
Обработка файла... test64.csv
Обработка файла... test25.csv
Обработка файла... test50.csv
Обработка файла... test7.csv
Обработка файла... test93.csv
Обработка файла... test30.csv
Обработка файла... test19.csv
Обработка файла... test77.csv
Обработка файла... test67.csv
Обработка файла... test9.csv
Обработка файла... test15.csv
Обработка файла... test49.csv
Обработка файла... test87.csv
Обработка файла... test81.csv
Обработка файла... test29.csv
Обработка файла... test48.csv
Обработка файла... test85.csv
Обработка файла... test1.csv
Обработка файла... test58.csv
Обработка файла... test74.csv
Обработка файла... test27.csv
Обработка файла... test33.csv
Обработка файла... test32.csv
Обработка файла... test6.csv
Обработка файла... test43.csv
Обработка файла... test45.csv
Обработка файла... test60.csv
Обработка файла... test8.csv
Обработка файла... test97.csv
Обработка файла... test69.csv
Обработка файла... test21.csv
Обработка файла... test2.csv
Обработка файла... test55.csv
Обработка файла... test24.csv
Обработка файла... test26.csv
Обработка файла... test35.csv
Обработка файла... test71.csv
Обработка файла... test39.csv
Обработка файла... test23.csv
Обработка файла... test88.csv
Обработка файла... test4.csv
Завершение обработка файла  csv1.csv
Обработка файла... test98.csv
Завершение обработка файла  csv2.csv
Обработка файла... test99.csv
Завершение обработка файла  test34.csv
Завершение обработка файла  test70.csv
Завершение обработка файла  test45.csv
Завершение обработка файла  test3.csv
Завершение обработка файла  test57.csv
Завершение обработка файла  test82.csv
Завершение обработка файла  test55.csv
Завершение обработка файла  test20.csv
Завершение обработка файла  test17.csv
Завершение обработка файла  test39.csv
Завершение обработка файла  test7.csv
Завершение обработка файла  test23.csv
Завершение обработка файла  test26.csv
Завершение обработка файла  test93.csv
Завершение обработка файла  test80.csv
Завершение обработка файла  test21.csv
Завершение обработка файла  test66.csv
Завершение обработка файла  test11.csv
Завершение обработка файла  test38.csv
Завершение обработка файла  test13.csv
Завершение обработка файла  test62.csv
Завершение обработка файла  test92.csv
Завершение обработка файла  test47.csv
Завершение обработка файла  test53.csv
Завершение обработка файла  test90.csv
Завершение обработка файла  test50.csv
Завершение обработка файла  test97.csv
Завершение обработка файла  test60.csv
Завершение обработка файла  test67.csv
Завершение обработка файла  test42.csv
Завершение обработка файла  test94.csv
Завершение обработка файла  test19.csv
Завершение обработка файла  test91.csv
Завершение обработка файла  test43.csv
Завершение обработка файла  test49.csv
Завершение обработка файла  test64.csv
Завершение обработка файла  test71.csv
Завершение обработка файла  test59.csv
Завершение обработка файла  test85.csv
Завершение обработка файла  test9.csv
Завершение обработка файла  test12.csv
Завершение обработка файла  test74.csv
Завершение обработка файла  test18.csv
Завершение обработка файла  test96.csv
Завершение обработка файла  test41.csv
Завершение обработка файла  test27.csv
Завершение обработка файла  test58.csv
Завершение обработка файла  test8.csv
Завершение обработка файла  test78.csv
Завершение обработка файла  test100.csv
Завершение обработка файла  test79.csv
Завершение обработка файла  test86.csv
Завершение обработка файла  test16.csv
Завершение обработка файла  test95.csv
Завершение обработка файла  test73.csv
Завершение обработка файла  test83.csv
Завершение обработка файла  test10.csv
Завершение обработка файла  test75.csv
Завершение обработка файла  test36.csv
Завершение обработка файла  test14.csv
Завершение обработка файла  test72.csv
Завершение обработка файла  test40.csv
Завершение обработка файла  test63.csv
Завершение обработка файла  test15.csv
Завершение обработка файла  test22.csv
Завершение обработка файла  test1.csv
Завершение обработка файла  test84.csv
Завершение обработка файла  test44.csv
Завершение обработка файла  test77.csv
Завершение обработка файла  test56.csv
Завершение обработка файла  test6.csv
Завершение обработка файла  test76.csv
Завершение обработка файла  test68.csv
Завершение обработка файла  test98.csv
Завершение обработка файла  test88.csv
Завершение обработка файла  test25.csv
Завершение обработка файла  test51.csv
Завершение обработка файла  test87.csv
Завершение обработка файла  test24.csv
Завершение обработка файла  test69.csv
Завершение обработка файла  test52.csv
Завершение обработка файла  test65.csv
Завершение обработка файла  test61.csv
Завершение обработка файла  test28.csv
Завершение обработка файла  test89.csv
Завершение обработка файла  test54.csv
Завершение обработка файла  test81.csv
Завершение обработка файла  test4.csv
Завершение обработка файла  test30.csv
Завершение обработка файла  test5.csv
Завершение обработка файла  test35.csv
Завершение обработка файла  test48.csv
Завершение обработка файла  test2.csv
Завершение обработка файла  test31.csv
Завершение обработка файла  test46.csv
Завершение обработка файла  test33.csv
Завершение обработка файла  test32.csv
Завершение обработка файла  test99.csv
Завершение обработка файла  test37.csv
Завершение обработка файла  test29.csv
Сформирован файл output.csv(time2=1540553916592)
uptime=161 сек.
Конец работы!
